Determining if the pthread_create exist failed with the following output:
Change Dir: /home/projectx/blackberry/self-driving-car-ND/term3/project3-system-integration/ros/build/CMakeFiles/CMakeTmp

Run Build Command:"/usr/bin/make" "cmTC_f3541/fast"
/usr/bin/make -f CMakeFiles/cmTC_f3541.dir/build.make CMakeFiles/cmTC_f3541.dir/build
make[1]: Entering directory `/home/projectx/blackberry/self-driving-car-ND/term3/project3-system-integration/ros/build/CMakeFiles/CMakeTmp'
Building C object CMakeFiles/cmTC_f3541.dir/CheckSymbolExists.c.o
/usr/bin/cc    -o CMakeFiles/cmTC_f3541.dir/CheckSymbolExists.c.o   -c /home/projectx/blackberry/self-driving-car-ND/term3/project3-system-integration/ros/build/CMakeFiles/CMakeTmp/CheckSymbolExists.c
Linking C executable cmTC_f3541
/usr/local/bin/cmake -E cmake_link_script CMakeFiles/cmTC_f3541.dir/link.txt --verbose=1
/usr/bin/cc      -rdynamic CMakeFiles/cmTC_f3541.dir/CheckSymbolExists.c.o  -o cmTC_f3541 
CMakeFiles/cmTC_f3541.dir/CheckSymbolExists.c.o: In function `main':
CheckSymbolExists.c:(.text+0x16): undefined reference to `pthread_create'
collect2: error: ld returned 1 exit status
make[1]: *** [cmTC_f3541] Error 1
make[1]: Leaving directory `/home/projectx/blackberry/self-driving-car-ND/term3/project3-system-integration/ros/build/CMakeFiles/CMakeTmp'
make: *** [cmTC_f3541/fast] Error 2

File /home/projectx/blackberry/self-driving-car-ND/term3/project3-system-integration/ros/build/CMakeFiles/CMakeTmp/CheckSymbolExists.c:
/* */
#include <pthread.h>

int main(int argc, char** argv)
{
  (void)argv;
#ifndef pthread_create
  return ((int*)(&pthread_create))[argc];
#else
  (void)argc;
  return 0;
#endif
}

Determining if the function pthread_create exists in the pthreads failed with the following output:
Change Dir: /home/projectx/blackberry/self-driving-car-ND/term3/project3-system-integration/ros/build/CMakeFiles/CMakeTmp

Run Build Command:"/usr/bin/make" "cmTC_d5d0b/fast"
/usr/bin/make -f CMakeFiles/cmTC_d5d0b.dir/build.make CMakeFiles/cmTC_d5d0b.dir/build
make[1]: Entering directory `/home/projectx/blackberry/self-driving-car-ND/term3/project3-system-integration/ros/build/CMakeFiles/CMakeTmp'
Building C object CMakeFiles/cmTC_d5d0b.dir/CheckFunctionExists.c.o
/usr/bin/cc   -DCHECK_FUNCTION_EXISTS=pthread_create   -o CMakeFiles/cmTC_d5d0b.dir/CheckFunctionExists.c.o   -c /usr/local/share/cmake-3.8/Modules/CheckFunctionExists.c
Linking C executable cmTC_d5d0b
/usr/local/bin/cmake -E cmake_link_script CMakeFiles/cmTC_d5d0b.dir/link.txt --verbose=1
/usr/bin/cc  -DCHECK_FUNCTION_EXISTS=pthread_create    -rdynamic CMakeFiles/cmTC_d5d0b.dir/CheckFunctionExists.c.o  -o cmTC_d5d0b -lpthreads 
/usr/bin/ld: cannot find -lpthreads
collect2: error: ld returned 1 exit status
make[1]: *** [cmTC_d5d0b] Error 1
make[1]: Leaving directory `/home/projectx/blackberry/self-driving-car-ND/term3/project3-system-integration/ros/build/CMakeFiles/CMakeTmp'
make: *** [cmTC_d5d0b/fast] Error 2


